<?xml version="1.0" encoding="UTF-8"?>
<!-- Generated by org.testng.reporters.JUnitXMLReporter -->
<testsuite ignored="0" hostname="LT-BLIOTTA" failures="1" tests="1" name="Default test(failed)" time="18.061" errors="0" timestamp="15 Apr 2020 19:08:59 GMT">
  <testcase classname="com.qa.SeleniumSessions.Iframes" name="alertMethod" time="6.246">
    <failure type="org.openqa.selenium.NoSuchFrameException" message="No frame element found by name or id iframe2
Build info: version: &amp;apos;3.141.59&amp;apos;, revision: &amp;apos;e82be7d358&amp;apos;, time: &amp;apos;2018-11-14T08:17:03&amp;apos;
System info: host: &amp;apos;LT-BLIOTTA&amp;apos;, ip: &amp;apos;192.168.1.10&amp;apos;, os.name: &amp;apos;Windows 10&amp;apos;, os.arch: &amp;apos;amd64&amp;apos;, os.version: &amp;apos;10.0&amp;apos;, java.version: &amp;apos;14&amp;apos;
Driver info: driver.version: unknown">
      <![CDATA[org.openqa.selenium.NoSuchFrameException: No frame element found by name or id iframe2
Build info: version: '3.141.59', revision: 'e82be7d358', time: '2018-11-14T08:17:03'
System info: host: 'LT-BLIOTTA', ip: '192.168.1.10', os.name: 'Windows 10', os.arch: 'amd64', os.version: '10.0', java.version: '14'
Driver info: driver.version: unknown
at org.openqa.selenium.remote.RemoteWebDriver$RemoteTargetLocator.frame(RemoteWebDriver.java:885)
at com.qa.SeleniumSessions.Iframes.alertMethod(Iframes.java:37)
... Removed 25 stack frames]]>
    </failure>
  </testcase> <!-- alertMethod -->
</testsuite> <!-- Default test(failed) -->
