<?xml version="1.0" encoding="UTF-8"?>
<testng-results ignored="0" total="1" passed="1" failed="0" skipped="0">
  <reporter-output>
  </reporter-output>
  <suite started-at="2020-06-30T19:47:59Z" name="Default suite" finished-at="2020-06-30T19:48:10Z" duration-ms="10468">
    <groups>
    </groups>
    <test started-at="2020-06-30T19:47:59Z" name="Default test" finished-at="2020-06-30T19:48:10Z" duration-ms="10468">
      <class name="com.qa.SeleniumSessions.DownloadFile">
        <test-method is-config="true" signature="setUp()[pri:0, instance:com.qa.SeleniumSessions.DownloadFile@6356695f]" started-at="2020-06-30T19:47:59Z" name="setUp" finished-at="2020-06-30T19:48:08Z" duration-ms="9125" status="PASS">
          <reporter-output>
          </reporter-output>
        </test-method> <!-- setUp -->
        <test-method signature="downLoadTest()[pri:0, instance:com.qa.SeleniumSessions.DownloadFile@6356695f]" started-at="2020-06-30T19:48:08Z" name="downLoadTest" finished-at="2020-06-30T19:48:10Z" duration-ms="1323" status="PASS">
          <reporter-output>
          </reporter-output>
        </test-method> <!-- downLoadTest -->
      </class> <!-- com.qa.SeleniumSessions.DownloadFile -->
    </test> <!-- Default test -->
  </suite> <!-- Default suite -->
</testng-results>
