<?xml version="1.0" encoding="UTF-8"?>
<testng-results ignored="1" total="1" passed="0" failed="0" skipped="0">
  <reporter-output>
  </reporter-output>
  <suite started-at="2020-09-03T18:08:45Z" name="MaterTestSuite" finished-at="2020-09-03T18:08:58Z" duration-ms="13081">
    <groups>
    </groups>
    <test started-at="2020-09-03T18:08:45Z" name="Groupsconcept" finished-at="2020-09-03T18:08:58Z" duration-ms="13081">
      <class name="com.qa.SeleniumSessions.Groupsconcept_ebaySite">
        <test-method is-config="true" signature="setUp(java.lang.String, java.lang.String)[pri:0, instance:com.qa.SeleniumSessions.Groupsconcept_ebaySite@5b239d7d]" started-at="2020-09-03T18:08:45Z" name="setUp" finished-at="2020-09-03T18:08:58Z" duration-ms="13072" status="PASS">
          <params>
            <param index="0">
              <value>
                <![CDATA[Chrome]]>
              </value>
            </param>
            <param index="1">
              <value>
                <![CDATA[https://www.ebay.com/]]>
              </value>
            </param>
          </params>
          <reporter-output>
          </reporter-output>
        </test-method> <!-- setUp -->
      </class> <!-- com.qa.SeleniumSessions.Groupsconcept_ebaySite -->
    </test> <!-- Groupsconcept -->
  </suite> <!-- MaterTestSuite -->
</testng-results>
