<?xml version="1.0" encoding="UTF-8"?>
<!-- Generated by org.testng.reporters.JUnitXMLReporter -->
<testsuite ignored="6" hostname="LT-BLIOTTA" failures="1" tests="4" name="Smoke Test" time="37.73" errors="0" timestamp="18 May 2020 21:18:59 GMT">
  <testcase classname="com.qa.SeleniumSessions.TestNGFeatures" name="div" time="0.005">
    <failure type="java.lang.ArithmeticException" message="/ by zero">
      <![CDATA[java.lang.ArithmeticException: / by zero
at com.qa.SeleniumSessions.TestNGFeatures.div(TestNGFeatures.java:131)
... Removed 25 stack frames]]>
    </failure>
  </testcase> <!-- div -->
  <testcase classname="com.qa.SeleniumSessions.TestNGFeatures" name="sum" time="0.004"/>
  <testcase classname="com.qa.SeleniumSessions.TestNGFeatures" name="sub" time="0.002"/>
  <testcase classname="com.qa.SeleniumSessions.TestNGFeatures" name="mul" time="0.0">
    <skipped/>
  </testcase> <!-- mul -->
  <testcase classname="com.qa.SeleniumSessions.ParametersConcept" name="signIn" time="0.0">
    <ignored/>
  </testcase> <!-- signIn -->
  <testcase classname="com.qa.SeleniumSessions.ParametersConcept" name="validateHelpPage" time="0.0">
    <ignored/>
  </testcase> <!-- validateHelpPage -->
  <testcase classname="com.qa.SeleniumSessions.TestNGFeatures" name="getTitles" time="0.0">
    <ignored/>
  </testcase> <!-- getTitles -->
  <testcase classname="com.qa.SeleniumSessions.TestNGFeatures" name="helpPage" time="0.0">
    <ignored/>
  </testcase> <!-- helpPage -->
  <testcase classname="com.qa.SeleniumSessions.ParametersConcept" name="validateSellPage" time="0.0">
    <ignored/>
  </testcase> <!-- validateSellPage -->
  <testcase classname="com.qa.SeleniumSessions.TestNGFeatures" name="sellPage" time="0.0">
    <ignored/>
  </testcase> <!-- sellPage -->
</testsuite> <!-- Smoke Test -->
